{"total": {"lines":{"total":332,"covered":330,"skipped":0,"pct":99.39},"statements":{"total":332,"covered":330,"skipped":0,"pct":99.39},"functions":{"total":5,"covered":5,"skipped":0,"pct":100},"branches":{"total":52,"covered":34,"skipped":0,"pct":65.38},"branchesTrue":{"total":0,"covered":0,"skipped":0,"pct":"Unknown"}}
,"C:\\Workspace\\CommonGroundChecker\\src\\lib\\checkers\\index.ts": {"lines":{"total":161,"covered":159,"skipped":0,"pct":98.75},"functions":{"total":2,"covered":2,"skipped":0,"pct":100},"statements":{"total":161,"covered":159,"skipped":0,"pct":98.75},"branches":{"total":33,"covered":16,"skipped":0,"pct":48.48}}
,"C:\\Workspace\\CommonGroundChecker\\src\\lib\\checkers\\security.ts": {"lines":{"total":43,"covered":43,"skipped":0,"pct":100},"functions":{"total":1,"covered":1,"skipped":0,"pct":100},"statements":{"total":43,"covered":43,"skipped":0,"pct":100},"branches":{"total":7,"covered":6,"skipped":0,"pct":85.71}}
,"C:\\Workspace\\CommonGroundChecker\\src\\lib\\checkers\\semver.ts": {"lines":{"total":38,"covered":38,"skipped":0,"pct":100},"functions":{"total":1,"covered":1,"skipped":0,"pct":100},"statements":{"total":38,"covered":38,"skipped":0,"pct":100},"branches":{"total":4,"covered":4,"skipped":0,"pct":100}}
,"C:\\Workspace\\CommonGroundChecker\\src\\lib\\checkers\\sourcecode.ts": {"lines":{"total":90,"covered":90,"skipped":0,"pct":100},"functions":{"total":1,"covered":1,"skipped":0,"pct":100},"statements":{"total":90,"covered":90,"skipped":0,"pct":100},"branches":{"total":8,"covered":8,"skipped":0,"pct":100}}
}
